<?xml version="1.0" encoding="UTF-8"?>
<!-- Generated by org.testng.reporters.JUnitReportReporter -->
<testsuite hostname="DESKTOP-LEU7772" failures="1" tests="1" name="TestRunner.TestRunnerFailed" time="21.692" errors="0" timestamp="2023-04-05T08:51:44 IST" skipped="0">
  <testcase classname="TestRunner.TestRunnerFailed" name="runScenario" time="21.692">
    <failure message="expected [true] but found [false]" type="java.lang.AssertionError">
      <![CDATA[java.lang.AssertionError: expected [true] but found [false]
at org.testng.Assert.fail(Assert.java:99)
at org.testng.Assert.failNotEquals(Assert.java:1037)
at org.testng.Assert.assertTrue(Assert.java:45)
at org.testng.Assert.assertTrue(Assert.java:55)
at StepDefination.Steps.user_should_found_name_in_the_search_table(Steps.java:314)
at âœ½.User should found Name in the Search Table(file:///C:/Users/admin/eclipse-workspace/cucumber/CucumberFramework/Features/Customers.feature:43)
]]>
    </failure>
  </testcase> <!-- runScenario -->
  <system-out/>
</testsuite> <!-- TestRunner.TestRunnerFailed -->
